matrix-backtrace/build/intermediates/manifest_merge_blame_file/debug/manifest-merger-blame-debug-report.txt
1<?xml version="1.0" encoding="utf-8"?>
2<manifest xmlns:android="http://schemas.android.com/apk/res/android"
3    package="com.tencent.matrix.backtrace" >
4
5    <uses-sdk
6        android:minSdkVersion="21"
6-->src/main/AndroidManifest.xml
7        android:targetSdkVersion="29" />
7-->src/main/AndroidManifest.xml
8
9    <permission
9-->src/main/AndroidManifest.xml:4:5-6:47
10        android:name="${applicationId}.backtrace.warmed_up"
10-->src/main/AndroidManifest.xml:5:9-60
11        android:protectionLevel="signature" />
11-->src/main/AndroidManifest.xml:6:9-44
12
13    <uses-permission android:name="${applicationId}.backtrace.warmed_up" />
13-->src/main/AndroidManifest.xml:7:5-76
13-->src/main/AndroidManifest.xml:7:22-73
14
15    <application>
15-->src/main/AndroidManifest.xml:9:5-17:19
16        <service
16-->src/main/AndroidManifest.xml:11:9-15:54
17            android:name="com.tencent.matrix.backtrace.WarmUpService"
17-->src/main/AndroidManifest.xml:12:13-42
18            android:enabled="true"
18-->src/main/AndroidManifest.xml:13:13-35
19            android:exported="false"
19-->src/main/AndroidManifest.xml:14:13-37
20            android:process=":backtrace__" />
20-->src/main/AndroidManifest.xml:15:13-43
21    </application>
22
23</manifest>